#
# There is insufficient memory for the Java Runtime Environment to continue.
# Native memory allocation (malloc) failed to allocate 1048576 bytes for AllocateHeap
# Possible reasons:
#   The system is out of physical RAM or swap space
#   In 32 bit mode, the process size limit was hit
# Possible solutions:
#   Reduce memory load on the system
#   Increase physical memory or swap space
#   Check if swap backing store is full
#   Use 64 bit Java on a 64 bit OS
#   Decrease Java heap size (-Xmx/-Xms)
#   Decrease number of Java threads
#   Decrease Java thread stack sizes (-Xss)
#   Set larger code cache with -XX:ReservedCodeCacheSize=
# This output file may be truncated or incomplete.
#
#  Out of Memory Error (memory/allocation.inline.hpp:62), pid=5096, tid=3392
#
# JRE version:  (8.0_20-b26) (build )
# Java VM: Java HotSpot(TM) 64-Bit Server VM (25.20-b23 mixed mode windows-amd64 compressed oops)
# Failed to write core dump. Minidumps are not enabled by default on client versions of Windows
#

---------------  T H R E A D  ---------------

Current thread (0x0000000002c80000):  JavaThread "Unknown thread" [_thread_in_vm, id=3392, stack(0x0000000002de0000,0x0000000002ee0000)]

Stack: [0x0000000002de0000,0x0000000002ee0000]
Native frames: (J=compiled Java code, j=interpreted, Vv=VM code, C=native code)
V  [jvm.dll+0x3152fa]


---------------  P R O C E S S  ---------------

Java Threads: ( => current thread )

Other Threads:

=>0x0000000002c80000 (exited) JavaThread "Unknown thread" [_thread_in_vm, id=3392, stack(0x0000000002de0000,0x0000000002ee0000)]

VM state:not at safepoint (normal execution)

VM Mutex/Monitor currently owned by a thread: None

Heap:
 PSYoungGen      total 18944K, used 327K [0x00000000eab00000, 0x00000000ec000000, 0x0000000100000000)
  eden space 16384K, 2% used [0x00000000eab00000,0x00000000eab51ec8,0x00000000ebb00000)
  from space 2560K, 0% used [0x00000000ebd80000,0x00000000ebd80000,0x00000000ec000000)
  to   space 2560K, 0% used [0x00000000ebb00000,0x00000000ebb00000,0x00000000ebd80000)
 ParOldGen       total 44032K, used 0K [0x00000000c0000000, 0x00000000c2b00000, 0x00000000eab00000)
  object space 44032K, 0% used [0x00000000c0000000,0x00000000c0000000,0x00000000c2b00000)
 Metaspace       used 654K, capacity 4480K, committed 4480K, reserved 1056768K
  class space    used 66K, capacity 384K, committed 384K, reserved 1048576K

Card table byte_map: [0x0000000012360000,0x0000000012570000] byte_map_base: 0x0000000011d60000

Marking Bits: (ParMarkBitMap*) 0x00000000646fb460
 Begin Bits: [0x0000000012bb0000, 0x0000000013bb0000)
 End Bits:   [0x0000000013bb0000, 0x0000000014bb0000)

Polling page: 0x0000000000440000

CodeCache: size=245760Kb used=326Kb max_used=326Kb free=245433Kb
 bounds [0x0000000002fa0000, 0x0000000003210000, 0x0000000011fa0000]
 total_blobs=55 nmethods=0 adapters=37
 compilation: enabled

Compilation events (0 events):
No events

GC Heap History (0 events):
No events

Deoptimization events (0 events):
No events

Internal exceptions (0 events):
No events

Events (10 events):
Event: 0.043 loading class java/lang/Short
Event: 0.043 loading class java/lang/Short done
Event: 0.043 loading class java/lang/Integer
Event: 0.043 loading class java/lang/Integer done
Event: 0.043 loading class java/lang/Long
Event: 0.043 loading class java/lang/Long done
Event: 0.044 loading class java/lang/NullPointerException
Event: 0.044 loading class java/lang/NullPointerException done
Event: 0.045 loading class java/lang/ArithmeticException
Event: 0.045 loading class java/lang/ArithmeticException done


Dynamic libraries:
0x000000013faa0000 - 0x000000013fad4000 	C:\Program Files\Java\jre1.8.0_20\bin\javaw.exe
0x00000000774b0000 - 0x000000007765c000 	C:\Windows\SYSTEM32\ntdll.dll
0x0000000077290000 - 0x00000000773af000 	C:\Windows\system32\kernel32.dll
0x000007fefd5e0000 - 0x000007fefd64c000 	C:\Windows\system32\KERNELBASE.dll
0x000007fefed90000 - 0x000007fefee6b000 	C:\Windows\system32\ADVAPI32.dll
0x000007feff0a0000 - 0x000007feff13f000 	C:\Windows\system32\msvcrt.dll
0x000007fefe8b0000 - 0x000007fefe8cf000 	C:\Windows\SYSTEM32\sechost.dll
0x000007fefe780000 - 0x000007fefe8ae000 	C:\Windows\system32\RPCRT4.dll
0x00000000773b0000 - 0x00000000774aa000 	C:\Windows\system32\USER32.dll
0x000007fefeba0000 - 0x000007fefec07000 	C:\Windows\system32\GDI32.dll
0x000007feff140000 - 0x000007feff14e000 	C:\Windows\system32\LPK.dll
0x000007fefead0000 - 0x000007fefeb9a000 	C:\Windows\system32\USP10.dll
0x000007fefc210000 - 0x000007fefc404000 	C:\Windows\WinSxS\amd64_microsoft.windows.common-controls_6595b64144ccf1df_6.0.7600.16661_none_fa62ad231704eab7\COMCTL32.dll
0x000007fefe9b0000 - 0x000007fefea21000 	C:\Windows\system32\SHLWAPI.dll
0x000007fefe970000 - 0x000007fefe99e000 	C:\Windows\system32\IMM32.DLL
0x000007feff6b0000 - 0x000007feff7b9000 	C:\Windows\system32\MSCTF.dll
0x0000000180000000 - 0x0000000180068000 	C:\PROGRA~2\Citrix\System32\MFAPHOOK64.DLL
0x00000000003a0000 - 0x0000000000401000 	C:\Program Files (x86)\Citrix\ICAService\mmhook64.dll
0x0000000077680000 - 0x0000000077687000 	C:\Windows\system32\PSAPI.DLL
0x0000000002230000 - 0x00000000023b3000 	C:\Program Files (x86)\Citrix\ICAService\SCardHook64.dll
0x0000000000250000 - 0x0000000000276000 	C:\Program Files (x86)\Citrix\ICAService\cxinjime64.dll
0x0000000074340000 - 0x0000000074412000 	C:\Program Files\Java\jre1.8.0_20\bin\msvcr100.dll
0x0000000063f20000 - 0x0000000064778000 	C:\Program Files\Java\jre1.8.0_20\bin\server\jvm.dll
0x000007fef9c00000 - 0x000007fef9c09000 	C:\Windows\system32\WSOCK32.dll
0x000007fefee70000 - 0x000007fefeebd000 	C:\Windows\system32\WS2_32.dll
0x000007fefe9a0000 - 0x000007fefe9a8000 	C:\Windows\system32\NSI.dll
0x000007fefae20000 - 0x000007fefae5b000 	C:\Windows\system32\WINMM.dll
0x0000000074470000 - 0x000000007447f000 	C:\Program Files\Java\jre1.8.0_20\bin\verify.dll
0x0000000074170000 - 0x0000000074198000 	C:\Program Files\Java\jre1.8.0_20\bin\java.dll
0x0000000074450000 - 0x0000000074466000 	C:\Program Files\Java\jre1.8.0_20\bin\zip.dll

VM Arguments:
jvm_args: -Dfile.encoding=UTF-8 
java_command: ofs.messaging.testEventCreation
java_class_path (initial): F:\ofs.messaging-master latest complete\ofs.messaging-master\target\classes;C:\Users\VM27\.m2\repository\com\rabbitmq\amqp-client\3.4.3\amqp-client-3.4.3.jar;C:\Users\VM27\.m2\repository\com\couchbase\client\java-client\2.0.3\java-client-2.0.3.jar;C:\Users\VM27\.m2\repository\com\couchbase\client\core-io\1.0.3\core-io-1.0.3.jar;C:\Users\VM27\.m2\repository\io\reactivex\rxjava\1.0.4\rxjava-1.0.4.jar;C:\Users\VM27\.m2\repository\ch\qos\logback\logback-classic\1.1.2\logback-classic-1.1.2.jar;C:\Users\VM27\.m2\repository\ch\qos\logback\logback-core\1.1.2\logback-core-1.1.2.jar;C:\Users\VM27\.m2\repository\org\slf4j\slf4j-api\1.7.10\slf4j-api-1.7.10.jar;C:\Users\VM27\.m2\repository\com\couchbase\client\couchbase-client\1.4.6\couchbase-client-1.4.6.jar;C:\Users\VM27\.m2\repository\io\netty\netty\3.5.5.Final\netty-3.5.5.Final.jar;C:\Users\VM27\.m2\repository\org\codehaus\jettison\jettison\1.1\jettison-1.1.jar;C:\Users\VM27\.m2\repository\stax\stax-api\1.0.1\stax-api-1.0.1.jar;C:\Users\VM27\.m2\repository\commons-codec\commons-codec\1.5\commons-codec-1.5.jar;C:\Users\VM27\.m2\repository\net\spy\spymemcached\2.11.5\spymemcached-2.11.5.jar;C:\Users\VM27\.m2\repository\org\apache\httpcomponents\httpcore\4.3\httpcore-4.3.jar;C:\Users\VM27\.m2\repository\org\apache\httpcomponents\httpcore-nio\4.3\httpcore-nio-4.3.jar;C:\Users\VM27\.m2\repository\com\google\code\gson\gson\2.3.1\gson-2.3.1.jar;C:\Users\VM27\.m2\repository\commons-configuration\commons-configuration\1.10\commons-configuration-1.10.jar;C:\Users\VM27\.m2\repository\commons-lang\commons-lang\2.6\commons-lang-2.6.jar;C:\Users\VM27\.m2\repository\commons-logging\commons-logging\1.1.1\commons-logging-1.1.1.jar;C:\Users\VM27\.m2\repository\com\google\code\findbugs\findbugs\3.0.0\findbugs-3.0.0.jar;C:\Users\VM27\.m2\repository\com\google\code\findbugs\bcel-findbugs\6.0\bcel-findbugs-6.0.jar;C:\Users\VM27\.m2\repository\com\google\code\findbugs\annotations\3.0.0\annotations-3.0.0.jar;C:\Users\VM
Launcher Type: SUN_STANDARD

Environment Variables:
JAVA_HOME=C:\Program Files\Java\jdk1.8.0_20
CLASSPATH=C:\Program Files\Java\jdk1.8.0_20\jre\lib;C:\Users\VM27\.m2\repository\org\springframework\spring-context\3.1.0.RELEASE;F:\SpringJars;C:\apache-ant-1.9.4\bin;
PATH=C:\ProgramData\Oracle\Java\javapath;C:\Windows\system32;C:\Windows;C:\Windows\System32\Wbem;C:\Windows\System32\WindowsPowerShell\v1.0\;C:\Program Files (x86)\Citrix\ICAService\;C:\Program Files (x86)\Citrix\System32\;C:\Users\VM27\AppData\Local\Smartbar\Application\;C:\Program Files\Java\jdk1.8.0_20\bin;C:\apache-ant-1.9.4\bin;D:\apache-maven-3.2.3\bin;
USERNAME=vm27
OS=Windows_NT
PROCESSOR_IDENTIFIER=AMD64 Family 21 Model 1 Stepping 2, AuthenticAMD



---------------  S Y S T E M  ---------------

OS: Windows 7 , 64 bit Build 7600 

CPU:total 2 (1 cores per cpu, 1 threads per core) family 21 model 1 stepping 2, cmov, cx8, fxsr, mmx, sse, sse2, sse3, ssse3, sse4.1, sse4.2, popcnt, aes, clmul, mmxext, lzcnt, sse4a, tsc

Memory: 4k page, physical 4189812k(904680k free), swap 7333632k(5184k free)

vm_info: Java HotSpot(TM) 64-Bit Server VM (25.20-b23) for windows-amd64 JRE (1.8.0_20-b26), built on Jul 30 2014 13:51:23 by "java_re" with MS VC++ 10.0 (VS2010)

time: Fri Jan 30 07:11:50 2015
elapsed time: 0 seconds (0d 0h 0m 0s)

